<?xml version="1.0" encoding="UTF-8"?>
<testsuite xmlns:xsi="http://www.w3.org/2001/XMLSchema-instance" xsi:noNamespaceSchemaLocation="https://maven.apache.org/surefire/maven-surefire-plugin/xsd/surefire-test-report.xsd" name="TestSuite" time="3.214" tests="5" errors="0" skipped="2" failures="3">
  <properties>
    <property name="java.runtime.name" value="Java(TM) SE Runtime Environment"/>
    <property name="sun.boot.library.path" value="C:\Program Files\Java\jre1.8.0_291\bin"/>
    <property name="java.vm.version" value="25.291-b10"/>
    <property name="browser" value="chrome2"/>
    <property name="user.country.format" value="NG"/>
    <property name="java.vm.vendor" value="Oracle Corporation"/>
    <property name="maven.multiModuleProjectDirectory" value="C:\Users\Hugo-Tech-1775\eclipse-workspace2\Demo1"/>
    <property name="java.vendor.url" value="http://java.oracle.com/"/>
    <property name="path.separator" value=";"/>
    <property name="guice.disable.misplaced.annotation.check" value="true"/>
    <property name="java.vm.name" value="Java HotSpot(TM) 64-Bit Server VM"/>
    <property name="file.encoding.pkg" value="sun.io"/>
    <property name="user.script" value=""/>
    <property name="user.country" value="US"/>
    <property name="sun.java.launcher" value="SUN_STANDARD"/>
    <property name="sun.os.patch.level" value=""/>
    <property name="java.vm.specification.name" value="Java Virtual Machine Specification"/>
    <property name="user.dir" value="C:\Users\Hugo-Tech-1775\eclipse-workspace2\Demo1"/>
    <property name="java.runtime.version" value="1.8.0_291-b10"/>
    <property name="java.awt.graphicsenv" value="sun.awt.Win32GraphicsEnvironment"/>
    <property name="java.endorsed.dirs" value="C:\Program Files\Java\jre1.8.0_291\lib\endorsed"/>
    <property name="os.arch" value="amd64"/>
    <property name="java.io.tmpdir" value="C:\Users\HUGO-T~1\AppData\Local\Temp\"/>
    <property name="line.separator" value="&#10;"/>
    <property name="java.vm.specification.vendor" value="Oracle Corporation"/>
    <property name="user.variant" value=""/>
    <property name="os.name" value="Windows 10"/>
    <property name="classworlds.conf" value="C:\Users\Hugo-Tech-1775\Downloads\apache-maven-3.8.4-bin\apache-maven-3.8.4\bin\m2.conf"/>
    <property name="sun.jnu.encoding" value="Cp1252"/>
    <property name="java.library.path" value="C:\Program Files\Java\jre1.8.0_291\bin;C:\WINDOWS\Sun\Java\bin;C:\WINDOWS\system32;C:\WINDOWS;C:\Program Files\Common Files\Oracle\Java\javapath;C:\Python39\Scripts\;C:\Python39\;C:\Program Files (x86)\Common Files\Oracle\Java\javapath;C:\WINDOWS\system32;C:\WINDOWS;C:\WINDOWS\System32\Wbem;C:\WINDOWS\System32\WindowsPowerShell\v1.0\;C:\WINDOWS\System32\OpenSSH\;C:\Program Files\Java\jre1.8.0_291\bin;C:\Program Files\Java\jre1.8.0_291\bin;C:\Users\Hugo-Tech-1775\AppData\Local\Android\Sdk\tools\bin;C:\Users\Hugo-Tech-1775\AppData\Local\Android\Sdk\platform-tools;C:\Users\Hugo-Tech-1775\AppData\Local\Android\Sdk\tools;C:\Program Files\nodejs\node_modules\npm\bin;C:\Program Files\Git\cmd;C:\Program Files\nodejs\;C:\Users\Hugo-Tech-1775\Downloads\apache-maven-3.8.4-bin\apache-maven-3.8.4\bin;C:\Users\Hugo-Tech-1775\AppData\Local\Programs\Python\Python310\Scripts\;C:\Users\Hugo-Tech-1775\AppData\Local\Programs\Python\Python310\;C:\Users\Hugo-Tech-1775\AppData\Local\Microsoft\WindowsApps;C:\ProgramData\Hugo-Tech-1775\atom\bin;C:\Users\Hugo-Tech-1775\AppData\Local\Programs\Microsoft VS Code\bin;C:\Users\Hugo-Tech-1775\AppData\Local\Microsoft\WindowsApps;C:\Users\Hugo-Tech-1775\AppData\Roaming\Python\Python39\Scripts;C:\Users\Hugo-Tech-1775\AppData\Roaming\npm;C:\Program Files\Java\jre1.8.0_291\bin;C:\Program Files\Nodejs;;."/>
    <property name="maven.conf" value="C:\Users\Hugo-Tech-1775\Downloads\apache-maven-3.8.4-bin\apache-maven-3.8.4/conf"/>
    <property name="java.specification.name" value="Java Platform API Specification"/>
    <property name="java.class.version" value="52.0"/>
    <property name="sun.management.compiler" value="HotSpot 64-Bit Tiered Compilers"/>
    <property name="os.version" value="10.0"/>
    <property name="library.jansi.path" value="C:\Users\Hugo-Tech-1775\Downloads\apache-maven-3.8.4-bin\apache-maven-3.8.4\lib\jansi-native"/>
    <property name="user.home" value="C:\Users\Hugo-Tech-1775"/>
    <property name="user.timezone" value="Africa/Luanda"/>
    <property name="java.awt.printerjob" value="sun.awt.windows.WPrinterJob"/>
    <property name="java.specification.version" value="1.8"/>
    <property name="file.encoding" value="Cp1252"/>
    <property name="user.name" value="Hugo-Tech-1775"/>
    <property name="java.class.path" value="C:\Users\Hugo-Tech-1775\Downloads\apache-maven-3.8.4-bin\apache-maven-3.8.4\boot\plexus-classworlds-2.6.0.jar"/>
    <property name="java.vm.specification.version" value="1.8"/>
    <property name="sun.arch.data.model" value="64"/>
    <property name="java.home" value="C:\Program Files\Java\jre1.8.0_291"/>
    <property name="sun.java.command" value="org.codehaus.plexus.classworlds.launcher.Launcher test -Dbrowser=chrome2"/>
    <property name="java.specification.vendor" value="Oracle Corporation"/>
    <property name="user.language" value="en"/>
    <property name="awt.toolkit" value="sun.awt.windows.WToolkit"/>
    <property name="java.vm.info" value="mixed mode"/>
    <property name="java.version" value="1.8.0_291"/>
    <property name="java.ext.dirs" value="C:\Program Files\Java\jre1.8.0_291\lib\ext;C:\WINDOWS\Sun\Java\lib\ext"/>
    <property name="sun.boot.class.path" value="C:\Program Files\Java\jre1.8.0_291\lib\resources.jar;C:\Program Files\Java\jre1.8.0_291\lib\rt.jar;C:\Program Files\Java\jre1.8.0_291\lib\sunrsasign.jar;C:\Program Files\Java\jre1.8.0_291\lib\jsse.jar;C:\Program Files\Java\jre1.8.0_291\lib\jce.jar;C:\Program Files\Java\jre1.8.0_291\lib\charsets.jar;C:\Program Files\Java\jre1.8.0_291\lib\jfr.jar;C:\Program Files\Java\jre1.8.0_291\classes"/>
    <property name="sun.stderr.encoding" value="cp437"/>
    <property name="java.vendor" value="Oracle Corporation"/>
    <property name="maven.home" value="C:\Users\Hugo-Tech-1775\Downloads\apache-maven-3.8.4-bin\apache-maven-3.8.4"/>
    <property name="file.separator" value="\"/>
    <property name="java.vendor.url.bug" value="http://bugreport.sun.com/bugreport/"/>
    <property name="sun.cpu.endian" value="little"/>
    <property name="sun.io.unicode.encoding" value="UnicodeLittle"/>
    <property name="sun.stdout.encoding" value="cp437"/>
    <property name="sun.desktop" value="windows"/>
    <property name="sun.cpu.isalist" value="amd64"/>
  </properties>
  <testcase name="intialize" classname="ProjectRepo.Demo1.LoginTest" time="2.419">
    <failure type="java.lang.NullPointerException">java.lang.NullPointerException
	at ProjectRepo.Demo1.LoginTest.intialize(LoginTest.java:19)
</failure>
    <system-out><![CDATA[chrome
]]></system-out>
  </testcase>
  <testcase name="Login1Test" classname="ProjectRepo.Demo1.LoginTest" time="0">
    <skipped/>
  </testcase>
  <testcase name="teardown" classname="ProjectRepo.Demo1.LoginTest" time="0">
    <skipped/>
    <system-out><![CDATA[chrome
]]></system-out>
  </testcase>
  <testcase name="Home1" classname="ProjectRepo.Demo1.HomePage" time="0.021">
    <failure type="java.lang.NullPointerException">java.lang.NullPointerException
	at ProjectRepo.Demo1.HomePage.Home1(HomePage.java:18)
</failure>
  </testcase>
  <testcase name="Home1" classname="ProjectRepo.Demo1.HomePage" time="0.059">
    <failure type="java.lang.NullPointerException">java.lang.NullPointerException
</failure>
  </testcase>
</testsuite>