<?xml version="1.0" encoding="UTF-8"?>
<!-- Generated by org.testng.reporters.JUnitReportReporter -->
<testsuite hostname="Hugo-Tech-175" failures="0" tests="1" name="ProjectRepo.Demo1.Log4jTest" time="0.024" errors="0" timestamp="2022-01-07T06:30:39 WAT" skipped="0">
  <testcase classname="ProjectRepo.Demo1.Log4jTest" name="Logs" time="0.024"/>
  <system-out/>
</testsuite> <!-- ProjectRepo.Demo1.Log4jTest -->
