<?xml version="1.0" encoding="UTF-8"?>
<!-- Generated by org.testng.reporters.JUnitReportReporter -->
<testsuite hostname="Hugo-Tech-175" failures="0" tests="1" name="Base" time="0.010" errors="0" timestamp="2021-12-23T06:18:50 WAT" skipped="0">
  <testcase classname="Base" name="intilals" time="0.010"/>
  <system-out/>
</testsuite> <!-- Base -->
