<?xml version="1.0" encoding="UTF-8"?>
<!-- Generated by org.testng.reporters.JUnitReportReporter -->
<testsuite hostname="Hugo-Tech-175" failures="0" tests="1" name="ProjectRepo.Demo1.LoginTest" time="4.383" errors="0" timestamp="2022-01-10T14:20:03 WAT" skipped="0">
  <testcase classname="ProjectRepo.Demo1.LoginTest" name="Login1Test" time="4.383"/>
  <system-out/>
</testsuite> <!-- ProjectRepo.Demo1.LoginTest -->
