<?xml version="1.0" encoding="UTF-8"?>
<!-- Generated by org.testng.reporters.JUnitReportReporter -->
<testsuite skipped="0" hostname="Hugo-Tech-175" name="ProjectRepo.Demo1.Log4jTest" tests="1" failures="0" timestamp="2022-01-07T07:28:02 WAT" time="0.004" errors="0">
  <testcase name="Logs" time="0.004" classname="ProjectRepo.Demo1.Log4jTest"/>
  <system-out/>
</testsuite> <!-- ProjectRepo.Demo1.Log4jTest -->
