<?xml version="1.0" encoding="UTF-8"?>
<!-- Generated by org.testng.reporters.JUnitReportReporter -->
<testsuite skipped="0" hostname="Hugo-Tech-175" name="ProjectRepo.Demo1.Test1Test" tests="1" failures="0" timestamp="2022-01-07T07:30:49 WAT" time="6.552" errors="0">
  <testcase name="Login1Test" time="6.552" classname="ProjectRepo.Demo1.Test1Test"/>
  <system-out/>
</testsuite> <!-- ProjectRepo.Demo1.Test1Test -->
